Determining if the pthread_create exist failed with the following output:
Change Dir: /home/mohamed/Desktop/Sensor_fusion_ND/SFND_Lidar_Obstacle_Detection/build/CMakeFiles/CMakeTmp

Run Build Command:"/usr/bin/make" "cmTC_be16d/fast"
/usr/bin/make -f CMakeFiles/cmTC_be16d.dir/build.make CMakeFiles/cmTC_be16d.dir/build
make[1]: Entering directory '/home/mohamed/Desktop/Sensor_fusion_ND/SFND_Lidar_Obstacle_Detection/build/CMakeFiles/CMakeTmp'
Building C object CMakeFiles/cmTC_be16d.dir/CheckSymbolExists.c.o
/usr/bin/cc     -o CMakeFiles/cmTC_be16d.dir/CheckSymbolExists.c.o   -c /home/mohamed/Desktop/Sensor_fusion_ND/SFND_Lidar_Obstacle_Detection/build/CMakeFiles/CMakeTmp/CheckSymbolExists.c
Linking C executable cmTC_be16d
/usr/bin/cmake -E cmake_link_script CMakeFiles/cmTC_be16d.dir/link.txt --verbose=1
/usr/bin/cc       CMakeFiles/cmTC_be16d.dir/CheckSymbolExists.c.o  -o cmTC_be16d -rdynamic 
CMakeFiles/cmTC_be16d.dir/CheckSymbolExists.c.o: In function `main':
CheckSymbolExists.c:(.text+0x16): undefined reference to `pthread_create'
collect2: error: ld returned 1 exit status
CMakeFiles/cmTC_be16d.dir/build.make:97: recipe for target 'cmTC_be16d' failed
make[1]: *** [cmTC_be16d] Error 1
make[1]: Leaving directory '/home/mohamed/Desktop/Sensor_fusion_ND/SFND_Lidar_Obstacle_Detection/build/CMakeFiles/CMakeTmp'
Makefile:126: recipe for target 'cmTC_be16d/fast' failed
make: *** [cmTC_be16d/fast] Error 2

File /home/mohamed/Desktop/Sensor_fusion_ND/SFND_Lidar_Obstacle_Detection/build/CMakeFiles/CMakeTmp/CheckSymbolExists.c:
/* */
#include <pthread.h>

int main(int argc, char** argv)
{
  (void)argv;
#ifndef pthread_create
  return ((int*)(&pthread_create))[argc];
#else
  (void)argc;
  return 0;
#endif
}

Determining if the function pthread_create exists in the pthreads failed with the following output:
Change Dir: /home/mohamed/Desktop/Sensor_fusion_ND/SFND_Lidar_Obstacle_Detection/build/CMakeFiles/CMakeTmp

Run Build Command:"/usr/bin/make" "cmTC_331b0/fast"
/usr/bin/make -f CMakeFiles/cmTC_331b0.dir/build.make CMakeFiles/cmTC_331b0.dir/build
make[1]: Entering directory '/home/mohamed/Desktop/Sensor_fusion_ND/SFND_Lidar_Obstacle_Detection/build/CMakeFiles/CMakeTmp'
Building C object CMakeFiles/cmTC_331b0.dir/CheckFunctionExists.c.o
/usr/bin/cc    -DCHECK_FUNCTION_EXISTS=pthread_create   -o CMakeFiles/cmTC_331b0.dir/CheckFunctionExists.c.o   -c /usr/share/cmake-3.5/Modules/CheckFunctionExists.c
Linking C executable cmTC_331b0
/usr/bin/cmake -E cmake_link_script CMakeFiles/cmTC_331b0.dir/link.txt --verbose=1
/usr/bin/cc   -DCHECK_FUNCTION_EXISTS=pthread_create    CMakeFiles/cmTC_331b0.dir/CheckFunctionExists.c.o  -o cmTC_331b0 -rdynamic -lpthreads 
/usr/bin/ld: cannot find -lpthreads
collect2: error: ld returned 1 exit status
CMakeFiles/cmTC_331b0.dir/build.make:97: recipe for target 'cmTC_331b0' failed
make[1]: *** [cmTC_331b0] Error 1
make[1]: Leaving directory '/home/mohamed/Desktop/Sensor_fusion_ND/SFND_Lidar_Obstacle_Detection/build/CMakeFiles/CMakeTmp'
Makefile:126: recipe for target 'cmTC_331b0/fast' failed
make: *** [cmTC_331b0/fast] Error 2


